
> lumos-next-ts-example-app@0.1.0 build /Users/vrajdesai/Development/DAO/examples/Lumos-next-ts-example-app
> next build

- info Linting and checking validity of types...
- error ESLint: Plugin "@next/next" was conflicted between ".eslintrc.json » eslint-config-next/core-web-vitals » plugin:@next/next/core-web-vitals" and "../../.eslintrc.js » @huddle01/eslint-config » eslint-config-next » plugin:@next/next/recommended".
- info Creating an optimized production build...
- warn Compiled with warnings

../../node_modules/.pnpm/debug@4.3.4_supports-color@9.3.1/node_modules/debug/src/node.js
Module not found: ESM packages (supports-color) need to be imported. Use 'import' to reference the package instead. https://nextjs.org/docs/messages/import-esm-externals

Import trace for requested module:
../../node_modules/.pnpm/debug@4.3.4_supports-color@9.3.1/node_modules/debug/src/node.js
../../node_modules/.pnpm/debug@4.3.4_supports-color@9.3.1/node_modules/debug/src/index.js
../../node_modules/.pnpm/socket.io-client@4.6.1_bufferutil@4.0.7_utf-8-validate@6.0.3/node_modules/socket.io-client/build/cjs/index.js
../../sdk/web-core/dist/huddle01-web-core.cjs.prod.js
../../sdk/web-core/dist/huddle01-web-core.cjs.js
../../sdk/react/dist/huddle01-react.cjs.prod.js
../../sdk/react/dist/huddle01-react.cjs.js

- info Collecting page data...
Idle
- info Generating static pages (0/3)
- info Generating static pages (3/3)
- info Finalizing page optimization...

Route (pages)                              Size     First Load JS
┌ ○ /                                      110 kB          184 kB
├   /_app                                  0 B            73.9 kB
├ ○ /404                                   182 B          74.1 kB
└ λ /api/hello                             0 B            73.9 kB
+ First Load JS shared by all              76.1 kB
  ├ chunks/framework-ffffd4e8198d9762.js   45.2 kB
  ├ chunks/main-442ce999fc17c6b0.js        27.6 kB
  ├ chunks/pages/_app-8dad5c0f1056eb3f.js  296 B
  ├ chunks/webpack-59c5c889f52620d6.js     819 B
  └ css/8373af35367ed8cf.css               2.15 kB

λ  (Server)  server-side renders at runtime (uses getInitialProps or getServerSideProps)
○  (Static)  automatically rendered as static HTML (uses no initial props)

